[2025-03-28 17:28:46] local.ERROR: SQLSTATE[HY000]: General error: 1366 Incorrect integer value: 'authorName' for column 'author_id' at row 1 (SQL: insert into `books` (`title`, `author_id`, `published_date`, `book_image`, `updated_at`, `created_at`) values (bookName, authorName, september1996, bookImage.jpg, 2025-03-28 17:28:46, 2025-03-28 17:28:46)) {"exception":"[object] (Illuminate\\Database\\QueryException(code: HY000): SQLSTATE[HY000]: General error: 1366 Incorrect integer value: 'authorName' for column 'author_id' at row 1 (SQL: insert into `books` (`title`, `author_id`, `published_date`, `book_image`, `updated_at`, `created_at`) values (bookName, authorName, september1996, bookImage.jpg, 2025-03-28 17:28:46, 2025-03-28 17:28:46)) at /Applications/MAMP/htdocs/lumen_final/vendor/illuminate/database/Connection.php:712)
[stacktrace]
#0 /Applications/MAMP/htdocs/lumen_final/vendor/illuminate/database/Connection.php(672): Illuminate\\Database\\Connection->runQueryCallback('insert into `bo...', Array, Object(Closure))
#1 /Applications/MAMP/htdocs/lumen_final/vendor/illuminate/database/Connection.php(490): Illuminate\\Database\\Connection->run('insert into `bo...', Array, Object(Closure))
#2 /Applications/MAMP/htdocs/lumen_final/vendor/illuminate/database/Connection.php(454): Illuminate\\Database\\Connection->statement('insert into `bo...', Array)
#3 /Applications/MAMP/htdocs/lumen_final/vendor/illuminate/database/Query/Processors/Processor.php(32): Illuminate\\Database\\Connection->insert('insert into `bo...', Array)
#4 /Applications/MAMP/htdocs/lumen_final/vendor/illuminate/database/Query/Builder.php(3028): Illuminate\\Database\\Query\\Processors\\Processor->processInsertGetId(Object(Illuminate\\Database\\Query\\Builder), 'insert into `bo...', Array, 'id')
#5 /Applications/MAMP/htdocs/lumen_final/vendor/illuminate/database/Eloquent/Builder.php(1657): Illuminate\\Database\\Query\\Builder->insertGetId(Array, 'id')
#6 /Applications/MAMP/htdocs/lumen_final/vendor/illuminate/database/Eloquent/Model.php(1188): Illuminate\\Database\\Eloquent\\Builder->__call('insertGetId', Array)
#7 /Applications/MAMP/htdocs/lumen_final/vendor/illuminate/database/Eloquent/Model.php(1153): Illuminate\\Database\\Eloquent\\Model->insertAndSetId(Object(Illuminate\\Database\\Eloquent\\Builder), Array)
#8 /Applications/MAMP/htdocs/lumen_final/vendor/illuminate/database/Eloquent/Model.php(994): Illuminate\\Database\\Eloquent\\Model->performInsert(Object(Illuminate\\Database\\Eloquent\\Builder))
#9 /Applications/MAMP/htdocs/lumen_final/vendor/illuminate/database/Eloquent/Builder.php(896): Illuminate\\Database\\Eloquent\\Model->save()
#10 /Applications/MAMP/htdocs/lumen_final/vendor/illuminate/support/helpers.php(263): Illuminate\\Database\\Eloquent\\Builder->Illuminate\\Database\\Eloquent\\{closure}(Object(App\\Models\\Book))
#11 /Applications/MAMP/htdocs/lumen_final/vendor/illuminate/database/Eloquent/Builder.php(895): tap(Object(App\\Models\\Book), Object(Closure))
#12 /Applications/MAMP/htdocs/lumen_final/vendor/illuminate/support/Traits/ForwardsCalls.php(23): Illuminate\\Database\\Eloquent\\Builder->create(Array)
#13 /Applications/MAMP/htdocs/lumen_final/vendor/illuminate/database/Eloquent/Model.php(2132): Illuminate\\Database\\Eloquent\\Model->forwardCallTo(Object(Illuminate\\Database\\Eloquent\\Builder), 'create', Array)
#14 /Applications/MAMP/htdocs/lumen_final/vendor/illuminate/database/Eloquent/Model.php(2144): Illuminate\\Database\\Eloquent\\Model->__call('create', Array)
#15 /Applications/MAMP/htdocs/lumen_final/app/Http/Controllers/BookController.php(43): Illuminate\\Database\\Eloquent\\Model::__callStatic('create', Array)
#16 /Applications/MAMP/htdocs/lumen_final/vendor/illuminate/container/BoundMethod.php(36): App\\Http\\Controllers\\BookController->save(Object(Laravel\\Lumen\\Http\\Request))
#17 /Applications/MAMP/htdocs/lumen_final/vendor/illuminate/container/Util.php(40): Illuminate\\Container\\BoundMethod::Illuminate\\Container\\{closure}()
#18 /Applications/MAMP/htdocs/lumen_final/vendor/illuminate/container/BoundMethod.php(93): Illuminate\\Container\\Util::unwrapIfClosure(Object(Closure))
#19 /Applications/MAMP/htdocs/lumen_final/vendor/illuminate/container/BoundMethod.php(35): Illuminate\\Container\\BoundMethod::callBoundMethod(Object(Laravel\\Lumen\\Application), Array, Object(Closure))
#20 /Applications/MAMP/htdocs/lumen_final/vendor/illuminate/container/Container.php(653): Illuminate\\Container\\BoundMethod::call(Object(Laravel\\Lumen\\Application), Array, Array, NULL)
#21 /Applications/MAMP/htdocs/lumen_final/vendor/laravel/lumen-framework/src/Concerns/RoutesRequests.php(389): Illuminate\\Container\\Container->call(Array, Array)
#22 /Applications/MAMP/htdocs/lumen_final/vendor/laravel/lumen-framework/src/Concerns/RoutesRequests.php(354): Laravel\\Lumen\\Application->callControllerCallable(Array, Array)
#23 /Applications/MAMP/htdocs/lumen_final/vendor/laravel/lumen-framework/src/Concerns/RoutesRequests.php(329): Laravel\\Lumen\\Application->callLumenController(Object(App\\Http\\Controllers\\BookController), 'save', Array)
#24 /Applications/MAMP/htdocs/lumen_final/vendor/laravel/lumen-framework/src/Concerns/RoutesRequests.php(282): Laravel\\Lumen\\Application->callControllerAction(Array)
#25 /Applications/MAMP/htdocs/lumen_final/vendor/laravel/lumen-framework/src/Concerns/RoutesRequests.php(267): Laravel\\Lumen\\Application->callActionOnArrayBasedRoute(Array)
#26 /Applications/MAMP/htdocs/lumen_final/vendor/laravel/lumen-framework/src/Concerns/RoutesRequests.php(169): Laravel\\Lumen\\Application->handleFoundRoute(Array)
#27 /Applications/MAMP/htdocs/lumen_final/vendor/laravel/lumen-framework/src/Routing/Pipeline.php(48): Laravel\\Lumen\\Application->Laravel\\Lumen\\Concerns\\{closure}(Object(Laravel\\Lumen\\Http\\Request))
#28 /Applications/MAMP/htdocs/lumen_final/app/Http/Middleware/CorsMiddleware.php(31): Laravel\\Lumen\\Routing\\Pipeline->Laravel\\Lumen\\Routing\\{closure}(Object(Laravel\\Lumen\\Http\\Request))
#29 /Applications/MAMP/htdocs/lumen_final/vendor/illuminate/pipeline/Pipeline.php(167): App\\Http\\Middleware\\CorsMiddleware->handle(Object(Laravel\\Lumen\\Http\\Request), Object(Closure))
#30 /Applications/MAMP/htdocs/lumen_final/vendor/laravel/lumen-framework/src/Routing/Pipeline.php(30): Illuminate\\Pipeline\\Pipeline->Illuminate\\Pipeline\\{closure}(Object(Laravel\\Lumen\\Http\\Request))
#31 /Applications/MAMP/htdocs/lumen_final/vendor/illuminate/pipeline/Pipeline.php(103): Laravel\\Lumen\\Routing\\Pipeline->Laravel\\Lumen\\Routing\\{closure}(Object(Laravel\\Lumen\\Http\\Request))
#32 /Applications/MAMP/htdocs/lumen_final/vendor/laravel/lumen-framework/src/Concerns/RoutesRequests.php(426): Illuminate\\Pipeline\\Pipeline->then(Object(Closure))
#33 /Applications/MAMP/htdocs/lumen_final/vendor/laravel/lumen-framework/src/Concerns/RoutesRequests.php(165): Laravel\\Lumen\\Application->sendThroughPipeline(Array, Object(Closure))
#34 /Applications/MAMP/htdocs/lumen_final/vendor/laravel/lumen-framework/src/Concerns/RoutesRequests.php(112): Laravel\\Lumen\\Application->dispatch(NULL)
#35 /Applications/MAMP/htdocs/lumen_final/public/index.php(28): Laravel\\Lumen\\Application->run()
#36 {main}

[previous exception] [object] (PDOException(code: HY000): SQLSTATE[HY000]: General error: 1366 Incorrect integer value: 'authorName' for column 'author_id' at row 1 at /Applications/MAMP/htdocs/lumen_final/vendor/illuminate/database/Connection.php:501)
[stacktrace]
#0 /Applications/MAMP/htdocs/lumen_final/vendor/illuminate/database/Connection.php(501): PDOStatement->execute()
#1 /Applications/MAMP/htdocs/lumen_final/vendor/illuminate/database/Connection.php(705): Illuminate\\Database\\Connection->Illuminate\\Database\\{closure}('insert into `bo...', Array)
#2 /Applications/MAMP/htdocs/lumen_final/vendor/illuminate/database/Connection.php(672): Illuminate\\Database\\Connection->runQueryCallback('insert into `bo...', Array, Object(Closure))
#3 /Applications/MAMP/htdocs/lumen_final/vendor/illuminate/database/Connection.php(490): Illuminate\\Database\\Connection->run('insert into `bo...', Array, Object(Closure))
#4 /Applications/MAMP/htdocs/lumen_final/vendor/illuminate/database/Connection.php(454): Illuminate\\Database\\Connection->statement('insert into `bo...', Array)
#5 /Applications/MAMP/htdocs/lumen_final/vendor/illuminate/database/Query/Processors/Processor.php(32): Illuminate\\Database\\Connection->insert('insert into `bo...', Array)
#6 /Applications/MAMP/htdocs/lumen_final/vendor/illuminate/database/Query/Builder.php(3028): Illuminate\\Database\\Query\\Processors\\Processor->processInsertGetId(Object(Illuminate\\Database\\Query\\Builder), 'insert into `bo...', Array, 'id')
#7 /Applications/MAMP/htdocs/lumen_final/vendor/illuminate/database/Eloquent/Builder.php(1657): Illuminate\\Database\\Query\\Builder->insertGetId(Array, 'id')
#8 /Applications/MAMP/htdocs/lumen_final/vendor/illuminate/database/Eloquent/Model.php(1188): Illuminate\\Database\\Eloquent\\Builder->__call('insertGetId', Array)
#9 /Applications/MAMP/htdocs/lumen_final/vendor/illuminate/database/Eloquent/Model.php(1153): Illuminate\\Database\\Eloquent\\Model->insertAndSetId(Object(Illuminate\\Database\\Eloquent\\Builder), Array)
#10 /Applications/MAMP/htdocs/lumen_final/vendor/illuminate/database/Eloquent/Model.php(994): Illuminate\\Database\\Eloquent\\Model->performInsert(Object(Illuminate\\Database\\Eloquent\\Builder))
#11 /Applications/MAMP/htdocs/lumen_final/vendor/illuminate/database/Eloquent/Builder.php(896): Illuminate\\Database\\Eloquent\\Model->save()
#12 /Applications/MAMP/htdocs/lumen_final/vendor/illuminate/support/helpers.php(263): Illuminate\\Database\\Eloquent\\Builder->Illuminate\\Database\\Eloquent\\{closure}(Object(App\\Models\\Book))
#13 /Applications/MAMP/htdocs/lumen_final/vendor/illuminate/database/Eloquent/Builder.php(895): tap(Object(App\\Models\\Book), Object(Closure))
#14 /Applications/MAMP/htdocs/lumen_final/vendor/illuminate/support/Traits/ForwardsCalls.php(23): Illuminate\\Database\\Eloquent\\Builder->create(Array)
#15 /Applications/MAMP/htdocs/lumen_final/vendor/illuminate/database/Eloquent/Model.php(2132): Illuminate\\Database\\Eloquent\\Model->forwardCallTo(Object(Illuminate\\Database\\Eloquent\\Builder), 'create', Array)
#16 /Applications/MAMP/htdocs/lumen_final/vendor/illuminate/database/Eloquent/Model.php(2144): Illuminate\\Database\\Eloquent\\Model->__call('create', Array)
#17 /Applications/MAMP/htdocs/lumen_final/app/Http/Controllers/BookController.php(43): Illuminate\\Database\\Eloquent\\Model::__callStatic('create', Array)
#18 /Applications/MAMP/htdocs/lumen_final/vendor/illuminate/container/BoundMethod.php(36): App\\Http\\Controllers\\BookController->save(Object(Laravel\\Lumen\\Http\\Request))
#19 /Applications/MAMP/htdocs/lumen_final/vendor/illuminate/container/Util.php(40): Illuminate\\Container\\BoundMethod::Illuminate\\Container\\{closure}()
#20 /Applications/MAMP/htdocs/lumen_final/vendor/illuminate/container/BoundMethod.php(93): Illuminate\\Container\\Util::unwrapIfClosure(Object(Closure))
#21 /Applications/MAMP/htdocs/lumen_final/vendor/illuminate/container/BoundMethod.php(35): Illuminate\\Container\\BoundMethod::callBoundMethod(Object(Laravel\\Lumen\\Application), Array, Object(Closure))
#22 /Applications/MAMP/htdocs/lumen_final/vendor/illuminate/container/Container.php(653): Illuminate\\Container\\BoundMethod::call(Object(Laravel\\Lumen\\Application), Array, Array, NULL)
#23 /Applications/MAMP/htdocs/lumen_final/vendor/laravel/lumen-framework/src/Concerns/RoutesRequests.php(389): Illuminate\\Container\\Container->call(Array, Array)
#24 /Applications/MAMP/htdocs/lumen_final/vendor/laravel/lumen-framework/src/Concerns/RoutesRequests.php(354): Laravel\\Lumen\\Application->callControllerCallable(Array, Array)
#25 /Applications/MAMP/htdocs/lumen_final/vendor/laravel/lumen-framework/src/Concerns/RoutesRequests.php(329): Laravel\\Lumen\\Application->callLumenController(Object(App\\Http\\Controllers\\BookController), 'save', Array)
#26 /Applications/MAMP/htdocs/lumen_final/vendor/laravel/lumen-framework/src/Concerns/RoutesRequests.php(282): Laravel\\Lumen\\Application->callControllerAction(Array)
#27 /Applications/MAMP/htdocs/lumen_final/vendor/laravel/lumen-framework/src/Concerns/RoutesRequests.php(267): Laravel\\Lumen\\Application->callActionOnArrayBasedRoute(Array)
#28 /Applications/MAMP/htdocs/lumen_final/vendor/laravel/lumen-framework/src/Concerns/RoutesRequests.php(169): Laravel\\Lumen\\Application->handleFoundRoute(Array)
#29 /Applications/MAMP/htdocs/lumen_final/vendor/laravel/lumen-framework/src/Routing/Pipeline.php(48): Laravel\\Lumen\\Application->Laravel\\Lumen\\Concerns\\{closure}(Object(Laravel\\Lumen\\Http\\Request))
#30 /Applications/MAMP/htdocs/lumen_final/app/Http/Middleware/CorsMiddleware.php(31): Laravel\\Lumen\\Routing\\Pipeline->Laravel\\Lumen\\Routing\\{closure}(Object(Laravel\\Lumen\\Http\\Request))
#31 /Applications/MAMP/htdocs/lumen_final/vendor/illuminate/pipeline/Pipeline.php(167): App\\Http\\Middleware\\CorsMiddleware->handle(Object(Laravel\\Lumen\\Http\\Request), Object(Closure))
#32 /Applications/MAMP/htdocs/lumen_final/vendor/laravel/lumen-framework/src/Routing/Pipeline.php(30): Illuminate\\Pipeline\\Pipeline->Illuminate\\Pipeline\\{closure}(Object(Laravel\\Lumen\\Http\\Request))
#33 /Applications/MAMP/htdocs/lumen_final/vendor/illuminate/pipeline/Pipeline.php(103): Laravel\\Lumen\\Routing\\Pipeline->Laravel\\Lumen\\Routing\\{closure}(Object(Laravel\\Lumen\\Http\\Request))
#34 /Applications/MAMP/htdocs/lumen_final/vendor/laravel/lumen-framework/src/Concerns/RoutesRequests.php(426): Illuminate\\Pipeline\\Pipeline->then(Object(Closure))
#35 /Applications/MAMP/htdocs/lumen_final/vendor/laravel/lumen-framework/src/Concerns/RoutesRequests.php(165): Laravel\\Lumen\\Application->sendThroughPipeline(Array, Object(Closure))
#36 /Applications/MAMP/htdocs/lumen_final/vendor/laravel/lumen-framework/src/Concerns/RoutesRequests.php(112): Laravel\\Lumen\\Application->dispatch(NULL)
#37 /Applications/MAMP/htdocs/lumen_final/public/index.php(28): Laravel\\Lumen\\Application->run()
#38 {main}
"} 
[2025-03-28 17:30:30] local.ERROR: SQLSTATE[HY000]: General error: 1366 Incorrect integer value: 'authorName' for column 'author_id' at row 1 (SQL: update `books` set `title` = bookName, `author_id` = authorName, `published_date` = september1996, `book_image` = bookImage.jpg, `books`.`updated_at` = 2025-03-28 17:30:30 where `id` = 12) {"exception":"[object] (Illuminate\\Database\\QueryException(code: HY000): SQLSTATE[HY000]: General error: 1366 Incorrect integer value: 'authorName' for column 'author_id' at row 1 (SQL: update `books` set `title` = bookName, `author_id` = authorName, `published_date` = september1996, `book_image` = bookImage.jpg, `books`.`updated_at` = 2025-03-28 17:30:30 where `id` = 12) at /Applications/MAMP/htdocs/lumen_final/vendor/illuminate/database/Connection.php:712)
[stacktrace]
#0 /Applications/MAMP/htdocs/lumen_final/vendor/illuminate/database/Connection.php(672): Illuminate\\Database\\Connection->runQueryCallback('update `books` ...', Array, Object(Closure))
#1 /Applications/MAMP/htdocs/lumen_final/vendor/illuminate/database/Connection.php(514): Illuminate\\Database\\Connection->run('update `books` ...', Array, Object(Closure))
#2 /Applications/MAMP/htdocs/lumen_final/vendor/illuminate/database/Connection.php(466): Illuminate\\Database\\Connection->affectingStatement('update `books` ...', Array)
#3 /Applications/MAMP/htdocs/lumen_final/vendor/illuminate/database/Query/Builder.php(3062): Illuminate\\Database\\Connection->update('update `books` ...', Array)
#4 /Applications/MAMP/htdocs/lumen_final/vendor/illuminate/database/Eloquent/Builder.php(921): Illuminate\\Database\\Query\\Builder->update(Array)
#5 /Applications/MAMP/htdocs/lumen_final/vendor/illuminate/database/Eloquent/Model.php(1072): Illuminate\\Database\\Eloquent\\Builder->update(Array)
#6 /Applications/MAMP/htdocs/lumen_final/vendor/illuminate/database/Eloquent/Model.php(987): Illuminate\\Database\\Eloquent\\Model->performUpdate(Object(Illuminate\\Database\\Eloquent\\Builder))
#7 /Applications/MAMP/htdocs/lumen_final/vendor/illuminate/database/Eloquent/Model.php(885): Illuminate\\Database\\Eloquent\\Model->save(Array)
#8 /Applications/MAMP/htdocs/lumen_final/app/Http/Controllers/BookController.php(87): Illuminate\\Database\\Eloquent\\Model->update(Array)
#9 /Applications/MAMP/htdocs/lumen_final/vendor/illuminate/container/BoundMethod.php(36): App\\Http\\Controllers\\BookController->update(Object(Laravel\\Lumen\\Http\\Request), '12')
#10 /Applications/MAMP/htdocs/lumen_final/vendor/illuminate/container/Util.php(40): Illuminate\\Container\\BoundMethod::Illuminate\\Container\\{closure}()
#11 /Applications/MAMP/htdocs/lumen_final/vendor/illuminate/container/BoundMethod.php(93): Illuminate\\Container\\Util::unwrapIfClosure(Object(Closure))
#12 /Applications/MAMP/htdocs/lumen_final/vendor/illuminate/container/BoundMethod.php(35): Illuminate\\Container\\BoundMethod::callBoundMethod(Object(Laravel\\Lumen\\Application), Array, Object(Closure))
#13 /Applications/MAMP/htdocs/lumen_final/vendor/illuminate/container/Container.php(653): Illuminate\\Container\\BoundMethod::call(Object(Laravel\\Lumen\\Application), Array, Array, NULL)
#14 /Applications/MAMP/htdocs/lumen_final/vendor/laravel/lumen-framework/src/Concerns/RoutesRequests.php(389): Illuminate\\Container\\Container->call(Array, Array)
#15 /Applications/MAMP/htdocs/lumen_final/vendor/laravel/lumen-framework/src/Concerns/RoutesRequests.php(354): Laravel\\Lumen\\Application->callControllerCallable(Array, Array)
#16 /Applications/MAMP/htdocs/lumen_final/vendor/laravel/lumen-framework/src/Concerns/RoutesRequests.php(329): Laravel\\Lumen\\Application->callLumenController(Object(App\\Http\\Controllers\\BookController), 'update', Array)
#17 /Applications/MAMP/htdocs/lumen_final/vendor/laravel/lumen-framework/src/Concerns/RoutesRequests.php(282): Laravel\\Lumen\\Application->callControllerAction(Array)
#18 /Applications/MAMP/htdocs/lumen_final/vendor/laravel/lumen-framework/src/Concerns/RoutesRequests.php(267): Laravel\\Lumen\\Application->callActionOnArrayBasedRoute(Array)
#19 /Applications/MAMP/htdocs/lumen_final/vendor/laravel/lumen-framework/src/Concerns/RoutesRequests.php(237): Laravel\\Lumen\\Application->handleFoundRoute(Array)
#20 /Applications/MAMP/htdocs/lumen_final/vendor/laravel/lumen-framework/src/Concerns/RoutesRequests.php(172): Laravel\\Lumen\\Application->handleDispatcherResponse(Array)
#21 /Applications/MAMP/htdocs/lumen_final/vendor/laravel/lumen-framework/src/Routing/Pipeline.php(48): Laravel\\Lumen\\Application->Laravel\\Lumen\\Concerns\\{closure}(Object(Laravel\\Lumen\\Http\\Request))
#22 /Applications/MAMP/htdocs/lumen_final/app/Http/Middleware/CorsMiddleware.php(31): Laravel\\Lumen\\Routing\\Pipeline->Laravel\\Lumen\\Routing\\{closure}(Object(Laravel\\Lumen\\Http\\Request))
#23 /Applications/MAMP/htdocs/lumen_final/vendor/illuminate/pipeline/Pipeline.php(167): App\\Http\\Middleware\\CorsMiddleware->handle(Object(Laravel\\Lumen\\Http\\Request), Object(Closure))
#24 /Applications/MAMP/htdocs/lumen_final/vendor/laravel/lumen-framework/src/Routing/Pipeline.php(30): Illuminate\\Pipeline\\Pipeline->Illuminate\\Pipeline\\{closure}(Object(Laravel\\Lumen\\Http\\Request))
#25 /Applications/MAMP/htdocs/lumen_final/vendor/illuminate/pipeline/Pipeline.php(103): Laravel\\Lumen\\Routing\\Pipeline->Laravel\\Lumen\\Routing\\{closure}(Object(Laravel\\Lumen\\Http\\Request))
#26 /Applications/MAMP/htdocs/lumen_final/vendor/laravel/lumen-framework/src/Concerns/RoutesRequests.php(426): Illuminate\\Pipeline\\Pipeline->then(Object(Closure))
#27 /Applications/MAMP/htdocs/lumen_final/vendor/laravel/lumen-framework/src/Concerns/RoutesRequests.php(165): Laravel\\Lumen\\Application->sendThroughPipeline(Array, Object(Closure))
#28 /Applications/MAMP/htdocs/lumen_final/vendor/laravel/lumen-framework/src/Concerns/RoutesRequests.php(112): Laravel\\Lumen\\Application->dispatch(NULL)
#29 /Applications/MAMP/htdocs/lumen_final/public/index.php(28): Laravel\\Lumen\\Application->run()
#30 {main}

[previous exception] [object] (PDOException(code: HY000): SQLSTATE[HY000]: General error: 1366 Incorrect integer value: 'authorName' for column 'author_id' at row 1 at /Applications/MAMP/htdocs/lumen_final/vendor/illuminate/database/Connection.php:526)
[stacktrace]
#0 /Applications/MAMP/htdocs/lumen_final/vendor/illuminate/database/Connection.php(526): PDOStatement->execute()
#1 /Applications/MAMP/htdocs/lumen_final/vendor/illuminate/database/Connection.php(705): Illuminate\\Database\\Connection->Illuminate\\Database\\{closure}('update `books` ...', Array)
#2 /Applications/MAMP/htdocs/lumen_final/vendor/illuminate/database/Connection.php(672): Illuminate\\Database\\Connection->runQueryCallback('update `books` ...', Array, Object(Closure))
#3 /Applications/MAMP/htdocs/lumen_final/vendor/illuminate/database/Connection.php(514): Illuminate\\Database\\Connection->run('update `books` ...', Array, Object(Closure))
#4 /Applications/MAMP/htdocs/lumen_final/vendor/illuminate/database/Connection.php(466): Illuminate\\Database\\Connection->affectingStatement('update `books` ...', Array)
#5 /Applications/MAMP/htdocs/lumen_final/vendor/illuminate/database/Query/Builder.php(3062): Illuminate\\Database\\Connection->update('update `books` ...', Array)
#6 /Applications/MAMP/htdocs/lumen_final/vendor/illuminate/database/Eloquent/Builder.php(921): Illuminate\\Database\\Query\\Builder->update(Array)
#7 /Applications/MAMP/htdocs/lumen_final/vendor/illuminate/database/Eloquent/Model.php(1072): Illuminate\\Database\\Eloquent\\Builder->update(Array)
#8 /Applications/MAMP/htdocs/lumen_final/vendor/illuminate/database/Eloquent/Model.php(987): Illuminate\\Database\\Eloquent\\Model->performUpdate(Object(Illuminate\\Database\\Eloquent\\Builder))
#9 /Applications/MAMP/htdocs/lumen_final/vendor/illuminate/database/Eloquent/Model.php(885): Illuminate\\Database\\Eloquent\\Model->save(Array)
#10 /Applications/MAMP/htdocs/lumen_final/app/Http/Controllers/BookController.php(87): Illuminate\\Database\\Eloquent\\Model->update(Array)
#11 /Applications/MAMP/htdocs/lumen_final/vendor/illuminate/container/BoundMethod.php(36): App\\Http\\Controllers\\BookController->update(Object(Laravel\\Lumen\\Http\\Request), '12')
#12 /Applications/MAMP/htdocs/lumen_final/vendor/illuminate/container/Util.php(40): Illuminate\\Container\\BoundMethod::Illuminate\\Container\\{closure}()
#13 /Applications/MAMP/htdocs/lumen_final/vendor/illuminate/container/BoundMethod.php(93): Illuminate\\Container\\Util::unwrapIfClosure(Object(Closure))
#14 /Applications/MAMP/htdocs/lumen_final/vendor/illuminate/container/BoundMethod.php(35): Illuminate\\Container\\BoundMethod::callBoundMethod(Object(Laravel\\Lumen\\Application), Array, Object(Closure))
#15 /Applications/MAMP/htdocs/lumen_final/vendor/illuminate/container/Container.php(653): Illuminate\\Container\\BoundMethod::call(Object(Laravel\\Lumen\\Application), Array, Array, NULL)
#16 /Applications/MAMP/htdocs/lumen_final/vendor/laravel/lumen-framework/src/Concerns/RoutesRequests.php(389): Illuminate\\Container\\Container->call(Array, Array)
#17 /Applications/MAMP/htdocs/lumen_final/vendor/laravel/lumen-framework/src/Concerns/RoutesRequests.php(354): Laravel\\Lumen\\Application->callControllerCallable(Array, Array)
#18 /Applications/MAMP/htdocs/lumen_final/vendor/laravel/lumen-framework/src/Concerns/RoutesRequests.php(329): Laravel\\Lumen\\Application->callLumenController(Object(App\\Http\\Controllers\\BookController), 'update', Array)
#19 /Applications/MAMP/htdocs/lumen_final/vendor/laravel/lumen-framework/src/Concerns/RoutesRequests.php(282): Laravel\\Lumen\\Application->callControllerAction(Array)
#20 /Applications/MAMP/htdocs/lumen_final/vendor/laravel/lumen-framework/src/Concerns/RoutesRequests.php(267): Laravel\\Lumen\\Application->callActionOnArrayBasedRoute(Array)
#21 /Applications/MAMP/htdocs/lumen_final/vendor/laravel/lumen-framework/src/Concerns/RoutesRequests.php(237): Laravel\\Lumen\\Application->handleFoundRoute(Array)
#22 /Applications/MAMP/htdocs/lumen_final/vendor/laravel/lumen-framework/src/Concerns/RoutesRequests.php(172): Laravel\\Lumen\\Application->handleDispatcherResponse(Array)
#23 /Applications/MAMP/htdocs/lumen_final/vendor/laravel/lumen-framework/src/Routing/Pipeline.php(48): Laravel\\Lumen\\Application->Laravel\\Lumen\\Concerns\\{closure}(Object(Laravel\\Lumen\\Http\\Request))
#24 /Applications/MAMP/htdocs/lumen_final/app/Http/Middleware/CorsMiddleware.php(31): Laravel\\Lumen\\Routing\\Pipeline->Laravel\\Lumen\\Routing\\{closure}(Object(Laravel\\Lumen\\Http\\Request))
#25 /Applications/MAMP/htdocs/lumen_final/vendor/illuminate/pipeline/Pipeline.php(167): App\\Http\\Middleware\\CorsMiddleware->handle(Object(Laravel\\Lumen\\Http\\Request), Object(Closure))
#26 /Applications/MAMP/htdocs/lumen_final/vendor/laravel/lumen-framework/src/Routing/Pipeline.php(30): Illuminate\\Pipeline\\Pipeline->Illuminate\\Pipeline\\{closure}(Object(Laravel\\Lumen\\Http\\Request))
#27 /Applications/MAMP/htdocs/lumen_final/vendor/illuminate/pipeline/Pipeline.php(103): Laravel\\Lumen\\Routing\\Pipeline->Laravel\\Lumen\\Routing\\{closure}(Object(Laravel\\Lumen\\Http\\Request))
#28 /Applications/MAMP/htdocs/lumen_final/vendor/laravel/lumen-framework/src/Concerns/RoutesRequests.php(426): Illuminate\\Pipeline\\Pipeline->then(Object(Closure))
#29 /Applications/MAMP/htdocs/lumen_final/vendor/laravel/lumen-framework/src/Concerns/RoutesRequests.php(165): Laravel\\Lumen\\Application->sendThroughPipeline(Array, Object(Closure))
#30 /Applications/MAMP/htdocs/lumen_final/vendor/laravel/lumen-framework/src/Concerns/RoutesRequests.php(112): Laravel\\Lumen\\Application->dispatch(NULL)
#31 /Applications/MAMP/htdocs/lumen_final/public/index.php(28): Laravel\\Lumen\\Application->run()
#32 {main}
"} 
[2025-03-28 17:30:54] local.ERROR: SQLSTATE[HY000]: General error: 1366 Incorrect integer value: 'authorName' for column 'author_id' at row 1 (SQL: insert into `books` (`title`, `author_id`, `published_date`, `book_image`, `updated_at`, `created_at`) values (bookName, authorName, september1996, bookImage.jpg, 2025-03-28 17:30:54, 2025-03-28 17:30:54)) {"exception":"[object] (Illuminate\\Database\\QueryException(code: HY000): SQLSTATE[HY000]: General error: 1366 Incorrect integer value: 'authorName' for column 'author_id' at row 1 (SQL: insert into `books` (`title`, `author_id`, `published_date`, `book_image`, `updated_at`, `created_at`) values (bookName, authorName, september1996, bookImage.jpg, 2025-03-28 17:30:54, 2025-03-28 17:30:54)) at /Applications/MAMP/htdocs/lumen_final/vendor/illuminate/database/Connection.php:712)
[stacktrace]
#0 /Applications/MAMP/htdocs/lumen_final/vendor/illuminate/database/Connection.php(672): Illuminate\\Database\\Connection->runQueryCallback('insert into `bo...', Array, Object(Closure))
#1 /Applications/MAMP/htdocs/lumen_final/vendor/illuminate/database/Connection.php(490): Illuminate\\Database\\Connection->run('insert into `bo...', Array, Object(Closure))
#2 /Applications/MAMP/htdocs/lumen_final/vendor/illuminate/database/Connection.php(454): Illuminate\\Database\\Connection->statement('insert into `bo...', Array)
#3 /Applications/MAMP/htdocs/lumen_final/vendor/illuminate/database/Query/Processors/Processor.php(32): Illuminate\\Database\\Connection->insert('insert into `bo...', Array)
#4 /Applications/MAMP/htdocs/lumen_final/vendor/illuminate/database/Query/Builder.php(3028): Illuminate\\Database\\Query\\Processors\\Processor->processInsertGetId(Object(Illuminate\\Database\\Query\\Builder), 'insert into `bo...', Array, 'id')
#5 /Applications/MAMP/htdocs/lumen_final/vendor/illuminate/database/Eloquent/Builder.php(1657): Illuminate\\Database\\Query\\Builder->insertGetId(Array, 'id')
#6 /Applications/MAMP/htdocs/lumen_final/vendor/illuminate/database/Eloquent/Model.php(1188): Illuminate\\Database\\Eloquent\\Builder->__call('insertGetId', Array)
#7 /Applications/MAMP/htdocs/lumen_final/vendor/illuminate/database/Eloquent/Model.php(1153): Illuminate\\Database\\Eloquent\\Model->insertAndSetId(Object(Illuminate\\Database\\Eloquent\\Builder), Array)
#8 /Applications/MAMP/htdocs/lumen_final/vendor/illuminate/database/Eloquent/Model.php(994): Illuminate\\Database\\Eloquent\\Model->performInsert(Object(Illuminate\\Database\\Eloquent\\Builder))
#9 /Applications/MAMP/htdocs/lumen_final/vendor/illuminate/database/Eloquent/Builder.php(896): Illuminate\\Database\\Eloquent\\Model->save()
#10 /Applications/MAMP/htdocs/lumen_final/vendor/illuminate/support/helpers.php(263): Illuminate\\Database\\Eloquent\\Builder->Illuminate\\Database\\Eloquent\\{closure}(Object(App\\Models\\Book))
#11 /Applications/MAMP/htdocs/lumen_final/vendor/illuminate/database/Eloquent/Builder.php(895): tap(Object(App\\Models\\Book), Object(Closure))
#12 /Applications/MAMP/htdocs/lumen_final/vendor/illuminate/support/Traits/ForwardsCalls.php(23): Illuminate\\Database\\Eloquent\\Builder->create(Array)
#13 /Applications/MAMP/htdocs/lumen_final/vendor/illuminate/database/Eloquent/Model.php(2132): Illuminate\\Database\\Eloquent\\Model->forwardCallTo(Object(Illuminate\\Database\\Eloquent\\Builder), 'create', Array)
#14 /Applications/MAMP/htdocs/lumen_final/vendor/illuminate/database/Eloquent/Model.php(2144): Illuminate\\Database\\Eloquent\\Model->__call('create', Array)
#15 /Applications/MAMP/htdocs/lumen_final/app/Http/Controllers/BookController.php(43): Illuminate\\Database\\Eloquent\\Model::__callStatic('create', Array)
#16 /Applications/MAMP/htdocs/lumen_final/vendor/illuminate/container/BoundMethod.php(36): App\\Http\\Controllers\\BookController->save(Object(Laravel\\Lumen\\Http\\Request))
#17 /Applications/MAMP/htdocs/lumen_final/vendor/illuminate/container/Util.php(40): Illuminate\\Container\\BoundMethod::Illuminate\\Container\\{closure}()
#18 /Applications/MAMP/htdocs/lumen_final/vendor/illuminate/container/BoundMethod.php(93): Illuminate\\Container\\Util::unwrapIfClosure(Object(Closure))
#19 /Applications/MAMP/htdocs/lumen_final/vendor/illuminate/container/BoundMethod.php(35): Illuminate\\Container\\BoundMethod::callBoundMethod(Object(Laravel\\Lumen\\Application), Array, Object(Closure))
#20 /Applications/MAMP/htdocs/lumen_final/vendor/illuminate/container/Container.php(653): Illuminate\\Container\\BoundMethod::call(Object(Laravel\\Lumen\\Application), Array, Array, NULL)
#21 /Applications/MAMP/htdocs/lumen_final/vendor/laravel/lumen-framework/src/Concerns/RoutesRequests.php(389): Illuminate\\Container\\Container->call(Array, Array)
#22 /Applications/MAMP/htdocs/lumen_final/vendor/laravel/lumen-framework/src/Concerns/RoutesRequests.php(354): Laravel\\Lumen\\Application->callControllerCallable(Array, Array)
#23 /Applications/MAMP/htdocs/lumen_final/vendor/laravel/lumen-framework/src/Concerns/RoutesRequests.php(329): Laravel\\Lumen\\Application->callLumenController(Object(App\\Http\\Controllers\\BookController), 'save', Array)
#24 /Applications/MAMP/htdocs/lumen_final/vendor/laravel/lumen-framework/src/Concerns/RoutesRequests.php(282): Laravel\\Lumen\\Application->callControllerAction(Array)
#25 /Applications/MAMP/htdocs/lumen_final/vendor/laravel/lumen-framework/src/Concerns/RoutesRequests.php(267): Laravel\\Lumen\\Application->callActionOnArrayBasedRoute(Array)
#26 /Applications/MAMP/htdocs/lumen_final/vendor/laravel/lumen-framework/src/Concerns/RoutesRequests.php(169): Laravel\\Lumen\\Application->handleFoundRoute(Array)
#27 /Applications/MAMP/htdocs/lumen_final/vendor/laravel/lumen-framework/src/Routing/Pipeline.php(48): Laravel\\Lumen\\Application->Laravel\\Lumen\\Concerns\\{closure}(Object(Laravel\\Lumen\\Http\\Request))
#28 /Applications/MAMP/htdocs/lumen_final/app/Http/Middleware/CorsMiddleware.php(31): Laravel\\Lumen\\Routing\\Pipeline->Laravel\\Lumen\\Routing\\{closure}(Object(Laravel\\Lumen\\Http\\Request))
#29 /Applications/MAMP/htdocs/lumen_final/vendor/illuminate/pipeline/Pipeline.php(167): App\\Http\\Middleware\\CorsMiddleware->handle(Object(Laravel\\Lumen\\Http\\Request), Object(Closure))
#30 /Applications/MAMP/htdocs/lumen_final/vendor/laravel/lumen-framework/src/Routing/Pipeline.php(30): Illuminate\\Pipeline\\Pipeline->Illuminate\\Pipeline\\{closure}(Object(Laravel\\Lumen\\Http\\Request))
#31 /Applications/MAMP/htdocs/lumen_final/vendor/illuminate/pipeline/Pipeline.php(103): Laravel\\Lumen\\Routing\\Pipeline->Laravel\\Lumen\\Routing\\{closure}(Object(Laravel\\Lumen\\Http\\Request))
#32 /Applications/MAMP/htdocs/lumen_final/vendor/laravel/lumen-framework/src/Concerns/RoutesRequests.php(426): Illuminate\\Pipeline\\Pipeline->then(Object(Closure))
#33 /Applications/MAMP/htdocs/lumen_final/vendor/laravel/lumen-framework/src/Concerns/RoutesRequests.php(165): Laravel\\Lumen\\Application->sendThroughPipeline(Array, Object(Closure))
#34 /Applications/MAMP/htdocs/lumen_final/vendor/laravel/lumen-framework/src/Concerns/RoutesRequests.php(112): Laravel\\Lumen\\Application->dispatch(NULL)
#35 /Applications/MAMP/htdocs/lumen_final/public/index.php(28): Laravel\\Lumen\\Application->run()
#36 {main}

[previous exception] [object] (PDOException(code: HY000): SQLSTATE[HY000]: General error: 1366 Incorrect integer value: 'authorName' for column 'author_id' at row 1 at /Applications/MAMP/htdocs/lumen_final/vendor/illuminate/database/Connection.php:501)
[stacktrace]
#0 /Applications/MAMP/htdocs/lumen_final/vendor/illuminate/database/Connection.php(501): PDOStatement->execute()
#1 /Applications/MAMP/htdocs/lumen_final/vendor/illuminate/database/Connection.php(705): Illuminate\\Database\\Connection->Illuminate\\Database\\{closure}('insert into `bo...', Array)
#2 /Applications/MAMP/htdocs/lumen_final/vendor/illuminate/database/Connection.php(672): Illuminate\\Database\\Connection->runQueryCallback('insert into `bo...', Array, Object(Closure))
#3 /Applications/MAMP/htdocs/lumen_final/vendor/illuminate/database/Connection.php(490): Illuminate\\Database\\Connection->run('insert into `bo...', Array, Object(Closure))
#4 /Applications/MAMP/htdocs/lumen_final/vendor/illuminate/database/Connection.php(454): Illuminate\\Database\\Connection->statement('insert into `bo...', Array)
#5 /Applications/MAMP/htdocs/lumen_final/vendor/illuminate/database/Query/Processors/Processor.php(32): Illuminate\\Database\\Connection->insert('insert into `bo...', Array)
#6 /Applications/MAMP/htdocs/lumen_final/vendor/illuminate/database/Query/Builder.php(3028): Illuminate\\Database\\Query\\Processors\\Processor->processInsertGetId(Object(Illuminate\\Database\\Query\\Builder), 'insert into `bo...', Array, 'id')
#7 /Applications/MAMP/htdocs/lumen_final/vendor/illuminate/database/Eloquent/Builder.php(1657): Illuminate\\Database\\Query\\Builder->insertGetId(Array, 'id')
#8 /Applications/MAMP/htdocs/lumen_final/vendor/illuminate/database/Eloquent/Model.php(1188): Illuminate\\Database\\Eloquent\\Builder->__call('insertGetId', Array)
#9 /Applications/MAMP/htdocs/lumen_final/vendor/illuminate/database/Eloquent/Model.php(1153): Illuminate\\Database\\Eloquent\\Model->insertAndSetId(Object(Illuminate\\Database\\Eloquent\\Builder), Array)
#10 /Applications/MAMP/htdocs/lumen_final/vendor/illuminate/database/Eloquent/Model.php(994): Illuminate\\Database\\Eloquent\\Model->performInsert(Object(Illuminate\\Database\\Eloquent\\Builder))
#11 /Applications/MAMP/htdocs/lumen_final/vendor/illuminate/database/Eloquent/Builder.php(896): Illuminate\\Database\\Eloquent\\Model->save()
#12 /Applications/MAMP/htdocs/lumen_final/vendor/illuminate/support/helpers.php(263): Illuminate\\Database\\Eloquent\\Builder->Illuminate\\Database\\Eloquent\\{closure}(Object(App\\Models\\Book))
#13 /Applications/MAMP/htdocs/lumen_final/vendor/illuminate/database/Eloquent/Builder.php(895): tap(Object(App\\Models\\Book), Object(Closure))
#14 /Applications/MAMP/htdocs/lumen_final/vendor/illuminate/support/Traits/ForwardsCalls.php(23): Illuminate\\Database\\Eloquent\\Builder->create(Array)
#15 /Applications/MAMP/htdocs/lumen_final/vendor/illuminate/database/Eloquent/Model.php(2132): Illuminate\\Database\\Eloquent\\Model->forwardCallTo(Object(Illuminate\\Database\\Eloquent\\Builder), 'create', Array)
#16 /Applications/MAMP/htdocs/lumen_final/vendor/illuminate/database/Eloquent/Model.php(2144): Illuminate\\Database\\Eloquent\\Model->__call('create', Array)
#17 /Applications/MAMP/htdocs/lumen_final/app/Http/Controllers/BookController.php(43): Illuminate\\Database\\Eloquent\\Model::__callStatic('create', Array)
#18 /Applications/MAMP/htdocs/lumen_final/vendor/illuminate/container/BoundMethod.php(36): App\\Http\\Controllers\\BookController->save(Object(Laravel\\Lumen\\Http\\Request))
#19 /Applications/MAMP/htdocs/lumen_final/vendor/illuminate/container/Util.php(40): Illuminate\\Container\\BoundMethod::Illuminate\\Container\\{closure}()
#20 /Applications/MAMP/htdocs/lumen_final/vendor/illuminate/container/BoundMethod.php(93): Illuminate\\Container\\Util::unwrapIfClosure(Object(Closure))
#21 /Applications/MAMP/htdocs/lumen_final/vendor/illuminate/container/BoundMethod.php(35): Illuminate\\Container\\BoundMethod::callBoundMethod(Object(Laravel\\Lumen\\Application), Array, Object(Closure))
#22 /Applications/MAMP/htdocs/lumen_final/vendor/illuminate/container/Container.php(653): Illuminate\\Container\\BoundMethod::call(Object(Laravel\\Lumen\\Application), Array, Array, NULL)
#23 /Applications/MAMP/htdocs/lumen_final/vendor/laravel/lumen-framework/src/Concerns/RoutesRequests.php(389): Illuminate\\Container\\Container->call(Array, Array)
#24 /Applications/MAMP/htdocs/lumen_final/vendor/laravel/lumen-framework/src/Concerns/RoutesRequests.php(354): Laravel\\Lumen\\Application->callControllerCallable(Array, Array)
#25 /Applications/MAMP/htdocs/lumen_final/vendor/laravel/lumen-framework/src/Concerns/RoutesRequests.php(329): Laravel\\Lumen\\Application->callLumenController(Object(App\\Http\\Controllers\\BookController), 'save', Array)
#26 /Applications/MAMP/htdocs/lumen_final/vendor/laravel/lumen-framework/src/Concerns/RoutesRequests.php(282): Laravel\\Lumen\\Application->callControllerAction(Array)
#27 /Applications/MAMP/htdocs/lumen_final/vendor/laravel/lumen-framework/src/Concerns/RoutesRequests.php(267): Laravel\\Lumen\\Application->callActionOnArrayBasedRoute(Array)
#28 /Applications/MAMP/htdocs/lumen_final/vendor/laravel/lumen-framework/src/Concerns/RoutesRequests.php(169): Laravel\\Lumen\\Application->handleFoundRoute(Array)
#29 /Applications/MAMP/htdocs/lumen_final/vendor/laravel/lumen-framework/src/Routing/Pipeline.php(48): Laravel\\Lumen\\Application->Laravel\\Lumen\\Concerns\\{closure}(Object(Laravel\\Lumen\\Http\\Request))
#30 /Applications/MAMP/htdocs/lumen_final/app/Http/Middleware/CorsMiddleware.php(31): Laravel\\Lumen\\Routing\\Pipeline->Laravel\\Lumen\\Routing\\{closure}(Object(Laravel\\Lumen\\Http\\Request))
#31 /Applications/MAMP/htdocs/lumen_final/vendor/illuminate/pipeline/Pipeline.php(167): App\\Http\\Middleware\\CorsMiddleware->handle(Object(Laravel\\Lumen\\Http\\Request), Object(Closure))
#32 /Applications/MAMP/htdocs/lumen_final/vendor/laravel/lumen-framework/src/Routing/Pipeline.php(30): Illuminate\\Pipeline\\Pipeline->Illuminate\\Pipeline\\{closure}(Object(Laravel\\Lumen\\Http\\Request))
#33 /Applications/MAMP/htdocs/lumen_final/vendor/illuminate/pipeline/Pipeline.php(103): Laravel\\Lumen\\Routing\\Pipeline->Laravel\\Lumen\\Routing\\{closure}(Object(Laravel\\Lumen\\Http\\Request))
#34 /Applications/MAMP/htdocs/lumen_final/vendor/laravel/lumen-framework/src/Concerns/RoutesRequests.php(426): Illuminate\\Pipeline\\Pipeline->then(Object(Closure))
#35 /Applications/MAMP/htdocs/lumen_final/vendor/laravel/lumen-framework/src/Concerns/RoutesRequests.php(165): Laravel\\Lumen\\Application->sendThroughPipeline(Array, Object(Closure))
#36 /Applications/MAMP/htdocs/lumen_final/vendor/laravel/lumen-framework/src/Concerns/RoutesRequests.php(112): Laravel\\Lumen\\Application->dispatch(NULL)
#37 /Applications/MAMP/htdocs/lumen_final/public/index.php(28): Laravel\\Lumen\\Application->run()
#38 {main}
"} 
[2025-03-28 17:31:00] local.ERROR: SQLSTATE[22007]: Invalid datetime format: 1292 Incorrect date value: 'september1996' for column 'published_date' at row 1 (SQL: insert into `books` (`title`, `author_id`, `published_date`, `book_image`, `updated_at`, `created_at`) values (bookName, 15, september1996, bookImage.jpg, 2025-03-28 17:31:00, 2025-03-28 17:31:00)) {"exception":"[object] (Illuminate\\Database\\QueryException(code: 22007): SQLSTATE[22007]: Invalid datetime format: 1292 Incorrect date value: 'september1996' for column 'published_date' at row 1 (SQL: insert into `books` (`title`, `author_id`, `published_date`, `book_image`, `updated_at`, `created_at`) values (bookName, 15, september1996, bookImage.jpg, 2025-03-28 17:31:00, 2025-03-28 17:31:00)) at /Applications/MAMP/htdocs/lumen_final/vendor/illuminate/database/Connection.php:712)
[stacktrace]
#0 /Applications/MAMP/htdocs/lumen_final/vendor/illuminate/database/Connection.php(672): Illuminate\\Database\\Connection->runQueryCallback('insert into `bo...', Array, Object(Closure))
#1 /Applications/MAMP/htdocs/lumen_final/vendor/illuminate/database/Connection.php(490): Illuminate\\Database\\Connection->run('insert into `bo...', Array, Object(Closure))
#2 /Applications/MAMP/htdocs/lumen_final/vendor/illuminate/database/Connection.php(454): Illuminate\\Database\\Connection->statement('insert into `bo...', Array)
#3 /Applications/MAMP/htdocs/lumen_final/vendor/illuminate/database/Query/Processors/Processor.php(32): Illuminate\\Database\\Connection->insert('insert into `bo...', Array)
#4 /Applications/MAMP/htdocs/lumen_final/vendor/illuminate/database/Query/Builder.php(3028): Illuminate\\Database\\Query\\Processors\\Processor->processInsertGetId(Object(Illuminate\\Database\\Query\\Builder), 'insert into `bo...', Array, 'id')
#5 /Applications/MAMP/htdocs/lumen_final/vendor/illuminate/database/Eloquent/Builder.php(1657): Illuminate\\Database\\Query\\Builder->insertGetId(Array, 'id')
#6 /Applications/MAMP/htdocs/lumen_final/vendor/illuminate/database/Eloquent/Model.php(1188): Illuminate\\Database\\Eloquent\\Builder->__call('insertGetId', Array)
#7 /Applications/MAMP/htdocs/lumen_final/vendor/illuminate/database/Eloquent/Model.php(1153): Illuminate\\Database\\Eloquent\\Model->insertAndSetId(Object(Illuminate\\Database\\Eloquent\\Builder), Array)
#8 /Applications/MAMP/htdocs/lumen_final/vendor/illuminate/database/Eloquent/Model.php(994): Illuminate\\Database\\Eloquent\\Model->performInsert(Object(Illuminate\\Database\\Eloquent\\Builder))
#9 /Applications/MAMP/htdocs/lumen_final/vendor/illuminate/database/Eloquent/Builder.php(896): Illuminate\\Database\\Eloquent\\Model->save()
#10 /Applications/MAMP/htdocs/lumen_final/vendor/illuminate/support/helpers.php(263): Illuminate\\Database\\Eloquent\\Builder->Illuminate\\Database\\Eloquent\\{closure}(Object(App\\Models\\Book))
#11 /Applications/MAMP/htdocs/lumen_final/vendor/illuminate/database/Eloquent/Builder.php(895): tap(Object(App\\Models\\Book), Object(Closure))
#12 /Applications/MAMP/htdocs/lumen_final/vendor/illuminate/support/Traits/ForwardsCalls.php(23): Illuminate\\Database\\Eloquent\\Builder->create(Array)
#13 /Applications/MAMP/htdocs/lumen_final/vendor/illuminate/database/Eloquent/Model.php(2132): Illuminate\\Database\\Eloquent\\Model->forwardCallTo(Object(Illuminate\\Database\\Eloquent\\Builder), 'create', Array)
#14 /Applications/MAMP/htdocs/lumen_final/vendor/illuminate/database/Eloquent/Model.php(2144): Illuminate\\Database\\Eloquent\\Model->__call('create', Array)
#15 /Applications/MAMP/htdocs/lumen_final/app/Http/Controllers/BookController.php(43): Illuminate\\Database\\Eloquent\\Model::__callStatic('create', Array)
#16 /Applications/MAMP/htdocs/lumen_final/vendor/illuminate/container/BoundMethod.php(36): App\\Http\\Controllers\\BookController->save(Object(Laravel\\Lumen\\Http\\Request))
#17 /Applications/MAMP/htdocs/lumen_final/vendor/illuminate/container/Util.php(40): Illuminate\\Container\\BoundMethod::Illuminate\\Container\\{closure}()
#18 /Applications/MAMP/htdocs/lumen_final/vendor/illuminate/container/BoundMethod.php(93): Illuminate\\Container\\Util::unwrapIfClosure(Object(Closure))
#19 /Applications/MAMP/htdocs/lumen_final/vendor/illuminate/container/BoundMethod.php(35): Illuminate\\Container\\BoundMethod::callBoundMethod(Object(Laravel\\Lumen\\Application), Array, Object(Closure))
#20 /Applications/MAMP/htdocs/lumen_final/vendor/illuminate/container/Container.php(653): Illuminate\\Container\\BoundMethod::call(Object(Laravel\\Lumen\\Application), Array, Array, NULL)
#21 /Applications/MAMP/htdocs/lumen_final/vendor/laravel/lumen-framework/src/Concerns/RoutesRequests.php(389): Illuminate\\Container\\Container->call(Array, Array)
#22 /Applications/MAMP/htdocs/lumen_final/vendor/laravel/lumen-framework/src/Concerns/RoutesRequests.php(354): Laravel\\Lumen\\Application->callControllerCallable(Array, Array)
#23 /Applications/MAMP/htdocs/lumen_final/vendor/laravel/lumen-framework/src/Concerns/RoutesRequests.php(329): Laravel\\Lumen\\Application->callLumenController(Object(App\\Http\\Controllers\\BookController), 'save', Array)
#24 /Applications/MAMP/htdocs/lumen_final/vendor/laravel/lumen-framework/src/Concerns/RoutesRequests.php(282): Laravel\\Lumen\\Application->callControllerAction(Array)
#25 /Applications/MAMP/htdocs/lumen_final/vendor/laravel/lumen-framework/src/Concerns/RoutesRequests.php(267): Laravel\\Lumen\\Application->callActionOnArrayBasedRoute(Array)
#26 /Applications/MAMP/htdocs/lumen_final/vendor/laravel/lumen-framework/src/Concerns/RoutesRequests.php(169): Laravel\\Lumen\\Application->handleFoundRoute(Array)
#27 /Applications/MAMP/htdocs/lumen_final/vendor/laravel/lumen-framework/src/Routing/Pipeline.php(48): Laravel\\Lumen\\Application->Laravel\\Lumen\\Concerns\\{closure}(Object(Laravel\\Lumen\\Http\\Request))
#28 /Applications/MAMP/htdocs/lumen_final/app/Http/Middleware/CorsMiddleware.php(31): Laravel\\Lumen\\Routing\\Pipeline->Laravel\\Lumen\\Routing\\{closure}(Object(Laravel\\Lumen\\Http\\Request))
#29 /Applications/MAMP/htdocs/lumen_final/vendor/illuminate/pipeline/Pipeline.php(167): App\\Http\\Middleware\\CorsMiddleware->handle(Object(Laravel\\Lumen\\Http\\Request), Object(Closure))
#30 /Applications/MAMP/htdocs/lumen_final/vendor/laravel/lumen-framework/src/Routing/Pipeline.php(30): Illuminate\\Pipeline\\Pipeline->Illuminate\\Pipeline\\{closure}(Object(Laravel\\Lumen\\Http\\Request))
#31 /Applications/MAMP/htdocs/lumen_final/vendor/illuminate/pipeline/Pipeline.php(103): Laravel\\Lumen\\Routing\\Pipeline->Laravel\\Lumen\\Routing\\{closure}(Object(Laravel\\Lumen\\Http\\Request))
#32 /Applications/MAMP/htdocs/lumen_final/vendor/laravel/lumen-framework/src/Concerns/RoutesRequests.php(426): Illuminate\\Pipeline\\Pipeline->then(Object(Closure))
#33 /Applications/MAMP/htdocs/lumen_final/vendor/laravel/lumen-framework/src/Concerns/RoutesRequests.php(165): Laravel\\Lumen\\Application->sendThroughPipeline(Array, Object(Closure))
#34 /Applications/MAMP/htdocs/lumen_final/vendor/laravel/lumen-framework/src/Concerns/RoutesRequests.php(112): Laravel\\Lumen\\Application->dispatch(NULL)
#35 /Applications/MAMP/htdocs/lumen_final/public/index.php(28): Laravel\\Lumen\\Application->run()
#36 {main}

[previous exception] [object] (PDOException(code: 22007): SQLSTATE[22007]: Invalid datetime format: 1292 Incorrect date value: 'september1996' for column 'published_date' at row 1 at /Applications/MAMP/htdocs/lumen_final/vendor/illuminate/database/Connection.php:501)
[stacktrace]
#0 /Applications/MAMP/htdocs/lumen_final/vendor/illuminate/database/Connection.php(501): PDOStatement->execute()
#1 /Applications/MAMP/htdocs/lumen_final/vendor/illuminate/database/Connection.php(705): Illuminate\\Database\\Connection->Illuminate\\Database\\{closure}('insert into `bo...', Array)
#2 /Applications/MAMP/htdocs/lumen_final/vendor/illuminate/database/Connection.php(672): Illuminate\\Database\\Connection->runQueryCallback('insert into `bo...', Array, Object(Closure))
#3 /Applications/MAMP/htdocs/lumen_final/vendor/illuminate/database/Connection.php(490): Illuminate\\Database\\Connection->run('insert into `bo...', Array, Object(Closure))
#4 /Applications/MAMP/htdocs/lumen_final/vendor/illuminate/database/Connection.php(454): Illuminate\\Database\\Connection->statement('insert into `bo...', Array)
#5 /Applications/MAMP/htdocs/lumen_final/vendor/illuminate/database/Query/Processors/Processor.php(32): Illuminate\\Database\\Connection->insert('insert into `bo...', Array)
#6 /Applications/MAMP/htdocs/lumen_final/vendor/illuminate/database/Query/Builder.php(3028): Illuminate\\Database\\Query\\Processors\\Processor->processInsertGetId(Object(Illuminate\\Database\\Query\\Builder), 'insert into `bo...', Array, 'id')
#7 /Applications/MAMP/htdocs/lumen_final/vendor/illuminate/database/Eloquent/Builder.php(1657): Illuminate\\Database\\Query\\Builder->insertGetId(Array, 'id')
#8 /Applications/MAMP/htdocs/lumen_final/vendor/illuminate/database/Eloquent/Model.php(1188): Illuminate\\Database\\Eloquent\\Builder->__call('insertGetId', Array)
#9 /Applications/MAMP/htdocs/lumen_final/vendor/illuminate/database/Eloquent/Model.php(1153): Illuminate\\Database\\Eloquent\\Model->insertAndSetId(Object(Illuminate\\Database\\Eloquent\\Builder), Array)
#10 /Applications/MAMP/htdocs/lumen_final/vendor/illuminate/database/Eloquent/Model.php(994): Illuminate\\Database\\Eloquent\\Model->performInsert(Object(Illuminate\\Database\\Eloquent\\Builder))
#11 /Applications/MAMP/htdocs/lumen_final/vendor/illuminate/database/Eloquent/Builder.php(896): Illuminate\\Database\\Eloquent\\Model->save()
#12 /Applications/MAMP/htdocs/lumen_final/vendor/illuminate/support/helpers.php(263): Illuminate\\Database\\Eloquent\\Builder->Illuminate\\Database\\Eloquent\\{closure}(Object(App\\Models\\Book))
#13 /Applications/MAMP/htdocs/lumen_final/vendor/illuminate/database/Eloquent/Builder.php(895): tap(Object(App\\Models\\Book), Object(Closure))
#14 /Applications/MAMP/htdocs/lumen_final/vendor/illuminate/support/Traits/ForwardsCalls.php(23): Illuminate\\Database\\Eloquent\\Builder->create(Array)
#15 /Applications/MAMP/htdocs/lumen_final/vendor/illuminate/database/Eloquent/Model.php(2132): Illuminate\\Database\\Eloquent\\Model->forwardCallTo(Object(Illuminate\\Database\\Eloquent\\Builder), 'create', Array)
#16 /Applications/MAMP/htdocs/lumen_final/vendor/illuminate/database/Eloquent/Model.php(2144): Illuminate\\Database\\Eloquent\\Model->__call('create', Array)
#17 /Applications/MAMP/htdocs/lumen_final/app/Http/Controllers/BookController.php(43): Illuminate\\Database\\Eloquent\\Model::__callStatic('create', Array)
#18 /Applications/MAMP/htdocs/lumen_final/vendor/illuminate/container/BoundMethod.php(36): App\\Http\\Controllers\\BookController->save(Object(Laravel\\Lumen\\Http\\Request))
#19 /Applications/MAMP/htdocs/lumen_final/vendor/illuminate/container/Util.php(40): Illuminate\\Container\\BoundMethod::Illuminate\\Container\\{closure}()
#20 /Applications/MAMP/htdocs/lumen_final/vendor/illuminate/container/BoundMethod.php(93): Illuminate\\Container\\Util::unwrapIfClosure(Object(Closure))
#21 /Applications/MAMP/htdocs/lumen_final/vendor/illuminate/container/BoundMethod.php(35): Illuminate\\Container\\BoundMethod::callBoundMethod(Object(Laravel\\Lumen\\Application), Array, Object(Closure))
#22 /Applications/MAMP/htdocs/lumen_final/vendor/illuminate/container/Container.php(653): Illuminate\\Container\\BoundMethod::call(Object(Laravel\\Lumen\\Application), Array, Array, NULL)
#23 /Applications/MAMP/htdocs/lumen_final/vendor/laravel/lumen-framework/src/Concerns/RoutesRequests.php(389): Illuminate\\Container\\Container->call(Array, Array)
#24 /Applications/MAMP/htdocs/lumen_final/vendor/laravel/lumen-framework/src/Concerns/RoutesRequests.php(354): Laravel\\Lumen\\Application->callControllerCallable(Array, Array)
#25 /Applications/MAMP/htdocs/lumen_final/vendor/laravel/lumen-framework/src/Concerns/RoutesRequests.php(329): Laravel\\Lumen\\Application->callLumenController(Object(App\\Http\\Controllers\\BookController), 'save', Array)
#26 /Applications/MAMP/htdocs/lumen_final/vendor/laravel/lumen-framework/src/Concerns/RoutesRequests.php(282): Laravel\\Lumen\\Application->callControllerAction(Array)
#27 /Applications/MAMP/htdocs/lumen_final/vendor/laravel/lumen-framework/src/Concerns/RoutesRequests.php(267): Laravel\\Lumen\\Application->callActionOnArrayBasedRoute(Array)
#28 /Applications/MAMP/htdocs/lumen_final/vendor/laravel/lumen-framework/src/Concerns/RoutesRequests.php(169): Laravel\\Lumen\\Application->handleFoundRoute(Array)
#29 /Applications/MAMP/htdocs/lumen_final/vendor/laravel/lumen-framework/src/Routing/Pipeline.php(48): Laravel\\Lumen\\Application->Laravel\\Lumen\\Concerns\\{closure}(Object(Laravel\\Lumen\\Http\\Request))
#30 /Applications/MAMP/htdocs/lumen_final/app/Http/Middleware/CorsMiddleware.php(31): Laravel\\Lumen\\Routing\\Pipeline->Laravel\\Lumen\\Routing\\{closure}(Object(Laravel\\Lumen\\Http\\Request))
#31 /Applications/MAMP/htdocs/lumen_final/vendor/illuminate/pipeline/Pipeline.php(167): App\\Http\\Middleware\\CorsMiddleware->handle(Object(Laravel\\Lumen\\Http\\Request), Object(Closure))
#32 /Applications/MAMP/htdocs/lumen_final/vendor/laravel/lumen-framework/src/Routing/Pipeline.php(30): Illuminate\\Pipeline\\Pipeline->Illuminate\\Pipeline\\{closure}(Object(Laravel\\Lumen\\Http\\Request))
#33 /Applications/MAMP/htdocs/lumen_final/vendor/illuminate/pipeline/Pipeline.php(103): Laravel\\Lumen\\Routing\\Pipeline->Laravel\\Lumen\\Routing\\{closure}(Object(Laravel\\Lumen\\Http\\Request))
#34 /Applications/MAMP/htdocs/lumen_final/vendor/laravel/lumen-framework/src/Concerns/RoutesRequests.php(426): Illuminate\\Pipeline\\Pipeline->then(Object(Closure))
#35 /Applications/MAMP/htdocs/lumen_final/vendor/laravel/lumen-framework/src/Concerns/RoutesRequests.php(165): Laravel\\Lumen\\Application->sendThroughPipeline(Array, Object(Closure))
#36 /Applications/MAMP/htdocs/lumen_final/vendor/laravel/lumen-framework/src/Concerns/RoutesRequests.php(112): Laravel\\Lumen\\Application->dispatch(NULL)
#37 /Applications/MAMP/htdocs/lumen_final/public/index.php(28): Laravel\\Lumen\\Application->run()
#38 {main}
"} 
[2025-03-28 17:31:01] local.ERROR: SQLSTATE[22007]: Invalid datetime format: 1292 Incorrect date value: 'september1996' for column 'published_date' at row 1 (SQL: insert into `books` (`title`, `author_id`, `published_date`, `book_image`, `updated_at`, `created_at`) values (bookName, 15, september1996, bookImage.jpg, 2025-03-28 17:31:01, 2025-03-28 17:31:01)) {"exception":"[object] (Illuminate\\Database\\QueryException(code: 22007): SQLSTATE[22007]: Invalid datetime format: 1292 Incorrect date value: 'september1996' for column 'published_date' at row 1 (SQL: insert into `books` (`title`, `author_id`, `published_date`, `book_image`, `updated_at`, `created_at`) values (bookName, 15, september1996, bookImage.jpg, 2025-03-28 17:31:01, 2025-03-28 17:31:01)) at /Applications/MAMP/htdocs/lumen_final/vendor/illuminate/database/Connection.php:712)
[stacktrace]
#0 /Applications/MAMP/htdocs/lumen_final/vendor/illuminate/database/Connection.php(672): Illuminate\\Database\\Connection->runQueryCallback('insert into `bo...', Array, Object(Closure))
#1 /Applications/MAMP/htdocs/lumen_final/vendor/illuminate/database/Connection.php(490): Illuminate\\Database\\Connection->run('insert into `bo...', Array, Object(Closure))
#2 /Applications/MAMP/htdocs/lumen_final/vendor/illuminate/database/Connection.php(454): Illuminate\\Database\\Connection->statement('insert into `bo...', Array)
#3 /Applications/MAMP/htdocs/lumen_final/vendor/illuminate/database/Query/Processors/Processor.php(32): Illuminate\\Database\\Connection->insert('insert into `bo...', Array)
#4 /Applications/MAMP/htdocs/lumen_final/vendor/illuminate/database/Query/Builder.php(3028): Illuminate\\Database\\Query\\Processors\\Processor->processInsertGetId(Object(Illuminate\\Database\\Query\\Builder), 'insert into `bo...', Array, 'id')
#5 /Applications/MAMP/htdocs/lumen_final/vendor/illuminate/database/Eloquent/Builder.php(1657): Illuminate\\Database\\Query\\Builder->insertGetId(Array, 'id')
#6 /Applications/MAMP/htdocs/lumen_final/vendor/illuminate/database/Eloquent/Model.php(1188): Illuminate\\Database\\Eloquent\\Builder->__call('insertGetId', Array)
#7 /Applications/MAMP/htdocs/lumen_final/vendor/illuminate/database/Eloquent/Model.php(1153): Illuminate\\Database\\Eloquent\\Model->insertAndSetId(Object(Illuminate\\Database\\Eloquent\\Builder), Array)
#8 /Applications/MAMP/htdocs/lumen_final/vendor/illuminate/database/Eloquent/Model.php(994): Illuminate\\Database\\Eloquent\\Model->performInsert(Object(Illuminate\\Database\\Eloquent\\Builder))
#9 /Applications/MAMP/htdocs/lumen_final/vendor/illuminate/database/Eloquent/Builder.php(896): Illuminate\\Database\\Eloquent\\Model->save()
#10 /Applications/MAMP/htdocs/lumen_final/vendor/illuminate/support/helpers.php(263): Illuminate\\Database\\Eloquent\\Builder->Illuminate\\Database\\Eloquent\\{closure}(Object(App\\Models\\Book))
#11 /Applications/MAMP/htdocs/lumen_final/vendor/illuminate/database/Eloquent/Builder.php(895): tap(Object(App\\Models\\Book), Object(Closure))
#12 /Applications/MAMP/htdocs/lumen_final/vendor/illuminate/support/Traits/ForwardsCalls.php(23): Illuminate\\Database\\Eloquent\\Builder->create(Array)
#13 /Applications/MAMP/htdocs/lumen_final/vendor/illuminate/database/Eloquent/Model.php(2132): Illuminate\\Database\\Eloquent\\Model->forwardCallTo(Object(Illuminate\\Database\\Eloquent\\Builder), 'create', Array)
#14 /Applications/MAMP/htdocs/lumen_final/vendor/illuminate/database/Eloquent/Model.php(2144): Illuminate\\Database\\Eloquent\\Model->__call('create', Array)
#15 /Applications/MAMP/htdocs/lumen_final/app/Http/Controllers/BookController.php(43): Illuminate\\Database\\Eloquent\\Model::__callStatic('create', Array)
#16 /Applications/MAMP/htdocs/lumen_final/vendor/illuminate/container/BoundMethod.php(36): App\\Http\\Controllers\\BookController->save(Object(Laravel\\Lumen\\Http\\Request))
#17 /Applications/MAMP/htdocs/lumen_final/vendor/illuminate/container/Util.php(40): Illuminate\\Container\\BoundMethod::Illuminate\\Container\\{closure}()
#18 /Applications/MAMP/htdocs/lumen_final/vendor/illuminate/container/BoundMethod.php(93): Illuminate\\Container\\Util::unwrapIfClosure(Object(Closure))
#19 /Applications/MAMP/htdocs/lumen_final/vendor/illuminate/container/BoundMethod.php(35): Illuminate\\Container\\BoundMethod::callBoundMethod(Object(Laravel\\Lumen\\Application), Array, Object(Closure))
#20 /Applications/MAMP/htdocs/lumen_final/vendor/illuminate/container/Container.php(653): Illuminate\\Container\\BoundMethod::call(Object(Laravel\\Lumen\\Application), Array, Array, NULL)
#21 /Applications/MAMP/htdocs/lumen_final/vendor/laravel/lumen-framework/src/Concerns/RoutesRequests.php(389): Illuminate\\Container\\Container->call(Array, Array)
#22 /Applications/MAMP/htdocs/lumen_final/vendor/laravel/lumen-framework/src/Concerns/RoutesRequests.php(354): Laravel\\Lumen\\Application->callControllerCallable(Array, Array)
#23 /Applications/MAMP/htdocs/lumen_final/vendor/laravel/lumen-framework/src/Concerns/RoutesRequests.php(329): Laravel\\Lumen\\Application->callLumenController(Object(App\\Http\\Controllers\\BookController), 'save', Array)
#24 /Applications/MAMP/htdocs/lumen_final/vendor/laravel/lumen-framework/src/Concerns/RoutesRequests.php(282): Laravel\\Lumen\\Application->callControllerAction(Array)
#25 /Applications/MAMP/htdocs/lumen_final/vendor/laravel/lumen-framework/src/Concerns/RoutesRequests.php(267): Laravel\\Lumen\\Application->callActionOnArrayBasedRoute(Array)
#26 /Applications/MAMP/htdocs/lumen_final/vendor/laravel/lumen-framework/src/Concerns/RoutesRequests.php(169): Laravel\\Lumen\\Application->handleFoundRoute(Array)
#27 /Applications/MAMP/htdocs/lumen_final/vendor/laravel/lumen-framework/src/Routing/Pipeline.php(48): Laravel\\Lumen\\Application->Laravel\\Lumen\\Concerns\\{closure}(Object(Laravel\\Lumen\\Http\\Request))
#28 /Applications/MAMP/htdocs/lumen_final/app/Http/Middleware/CorsMiddleware.php(31): Laravel\\Lumen\\Routing\\Pipeline->Laravel\\Lumen\\Routing\\{closure}(Object(Laravel\\Lumen\\Http\\Request))
#29 /Applications/MAMP/htdocs/lumen_final/vendor/illuminate/pipeline/Pipeline.php(167): App\\Http\\Middleware\\CorsMiddleware->handle(Object(Laravel\\Lumen\\Http\\Request), Object(Closure))
#30 /Applications/MAMP/htdocs/lumen_final/vendor/laravel/lumen-framework/src/Routing/Pipeline.php(30): Illuminate\\Pipeline\\Pipeline->Illuminate\\Pipeline\\{closure}(Object(Laravel\\Lumen\\Http\\Request))
#31 /Applications/MAMP/htdocs/lumen_final/vendor/illuminate/pipeline/Pipeline.php(103): Laravel\\Lumen\\Routing\\Pipeline->Laravel\\Lumen\\Routing\\{closure}(Object(Laravel\\Lumen\\Http\\Request))
#32 /Applications/MAMP/htdocs/lumen_final/vendor/laravel/lumen-framework/src/Concerns/RoutesRequests.php(426): Illuminate\\Pipeline\\Pipeline->then(Object(Closure))
#33 /Applications/MAMP/htdocs/lumen_final/vendor/laravel/lumen-framework/src/Concerns/RoutesRequests.php(165): Laravel\\Lumen\\Application->sendThroughPipeline(Array, Object(Closure))
#34 /Applications/MAMP/htdocs/lumen_final/vendor/laravel/lumen-framework/src/Concerns/RoutesRequests.php(112): Laravel\\Lumen\\Application->dispatch(NULL)
#35 /Applications/MAMP/htdocs/lumen_final/public/index.php(28): Laravel\\Lumen\\Application->run()
#36 {main}

[previous exception] [object] (PDOException(code: 22007): SQLSTATE[22007]: Invalid datetime format: 1292 Incorrect date value: 'september1996' for column 'published_date' at row 1 at /Applications/MAMP/htdocs/lumen_final/vendor/illuminate/database/Connection.php:501)
[stacktrace]
#0 /Applications/MAMP/htdocs/lumen_final/vendor/illuminate/database/Connection.php(501): PDOStatement->execute()
#1 /Applications/MAMP/htdocs/lumen_final/vendor/illuminate/database/Connection.php(705): Illuminate\\Database\\Connection->Illuminate\\Database\\{closure}('insert into `bo...', Array)
#2 /Applications/MAMP/htdocs/lumen_final/vendor/illuminate/database/Connection.php(672): Illuminate\\Database\\Connection->runQueryCallback('insert into `bo...', Array, Object(Closure))
#3 /Applications/MAMP/htdocs/lumen_final/vendor/illuminate/database/Connection.php(490): Illuminate\\Database\\Connection->run('insert into `bo...', Array, Object(Closure))
#4 /Applications/MAMP/htdocs/lumen_final/vendor/illuminate/database/Connection.php(454): Illuminate\\Database\\Connection->statement('insert into `bo...', Array)
#5 /Applications/MAMP/htdocs/lumen_final/vendor/illuminate/database/Query/Processors/Processor.php(32): Illuminate\\Database\\Connection->insert('insert into `bo...', Array)
#6 /Applications/MAMP/htdocs/lumen_final/vendor/illuminate/database/Query/Builder.php(3028): Illuminate\\Database\\Query\\Processors\\Processor->processInsertGetId(Object(Illuminate\\Database\\Query\\Builder), 'insert into `bo...', Array, 'id')
#7 /Applications/MAMP/htdocs/lumen_final/vendor/illuminate/database/Eloquent/Builder.php(1657): Illuminate\\Database\\Query\\Builder->insertGetId(Array, 'id')
#8 /Applications/MAMP/htdocs/lumen_final/vendor/illuminate/database/Eloquent/Model.php(1188): Illuminate\\Database\\Eloquent\\Builder->__call('insertGetId', Array)
#9 /Applications/MAMP/htdocs/lumen_final/vendor/illuminate/database/Eloquent/Model.php(1153): Illuminate\\Database\\Eloquent\\Model->insertAndSetId(Object(Illuminate\\Database\\Eloquent\\Builder), Array)
#10 /Applications/MAMP/htdocs/lumen_final/vendor/illuminate/database/Eloquent/Model.php(994): Illuminate\\Database\\Eloquent\\Model->performInsert(Object(Illuminate\\Database\\Eloquent\\Builder))
#11 /Applications/MAMP/htdocs/lumen_final/vendor/illuminate/database/Eloquent/Builder.php(896): Illuminate\\Database\\Eloquent\\Model->save()
#12 /Applications/MAMP/htdocs/lumen_final/vendor/illuminate/support/helpers.php(263): Illuminate\\Database\\Eloquent\\Builder->Illuminate\\Database\\Eloquent\\{closure}(Object(App\\Models\\Book))
#13 /Applications/MAMP/htdocs/lumen_final/vendor/illuminate/database/Eloquent/Builder.php(895): tap(Object(App\\Models\\Book), Object(Closure))
#14 /Applications/MAMP/htdocs/lumen_final/vendor/illuminate/support/Traits/ForwardsCalls.php(23): Illuminate\\Database\\Eloquent\\Builder->create(Array)
#15 /Applications/MAMP/htdocs/lumen_final/vendor/illuminate/database/Eloquent/Model.php(2132): Illuminate\\Database\\Eloquent\\Model->forwardCallTo(Object(Illuminate\\Database\\Eloquent\\Builder), 'create', Array)
#16 /Applications/MAMP/htdocs/lumen_final/vendor/illuminate/database/Eloquent/Model.php(2144): Illuminate\\Database\\Eloquent\\Model->__call('create', Array)
#17 /Applications/MAMP/htdocs/lumen_final/app/Http/Controllers/BookController.php(43): Illuminate\\Database\\Eloquent\\Model::__callStatic('create', Array)
#18 /Applications/MAMP/htdocs/lumen_final/vendor/illuminate/container/BoundMethod.php(36): App\\Http\\Controllers\\BookController->save(Object(Laravel\\Lumen\\Http\\Request))
#19 /Applications/MAMP/htdocs/lumen_final/vendor/illuminate/container/Util.php(40): Illuminate\\Container\\BoundMethod::Illuminate\\Container\\{closure}()
#20 /Applications/MAMP/htdocs/lumen_final/vendor/illuminate/container/BoundMethod.php(93): Illuminate\\Container\\Util::unwrapIfClosure(Object(Closure))
#21 /Applications/MAMP/htdocs/lumen_final/vendor/illuminate/container/BoundMethod.php(35): Illuminate\\Container\\BoundMethod::callBoundMethod(Object(Laravel\\Lumen\\Application), Array, Object(Closure))
#22 /Applications/MAMP/htdocs/lumen_final/vendor/illuminate/container/Container.php(653): Illuminate\\Container\\BoundMethod::call(Object(Laravel\\Lumen\\Application), Array, Array, NULL)
#23 /Applications/MAMP/htdocs/lumen_final/vendor/laravel/lumen-framework/src/Concerns/RoutesRequests.php(389): Illuminate\\Container\\Container->call(Array, Array)
#24 /Applications/MAMP/htdocs/lumen_final/vendor/laravel/lumen-framework/src/Concerns/RoutesRequests.php(354): Laravel\\Lumen\\Application->callControllerCallable(Array, Array)
#25 /Applications/MAMP/htdocs/lumen_final/vendor/laravel/lumen-framework/src/Concerns/RoutesRequests.php(329): Laravel\\Lumen\\Application->callLumenController(Object(App\\Http\\Controllers\\BookController), 'save', Array)
#26 /Applications/MAMP/htdocs/lumen_final/vendor/laravel/lumen-framework/src/Concerns/RoutesRequests.php(282): Laravel\\Lumen\\Application->callControllerAction(Array)
#27 /Applications/MAMP/htdocs/lumen_final/vendor/laravel/lumen-framework/src/Concerns/RoutesRequests.php(267): Laravel\\Lumen\\Application->callActionOnArrayBasedRoute(Array)
#28 /Applications/MAMP/htdocs/lumen_final/vendor/laravel/lumen-framework/src/Concerns/RoutesRequests.php(169): Laravel\\Lumen\\Application->handleFoundRoute(Array)
#29 /Applications/MAMP/htdocs/lumen_final/vendor/laravel/lumen-framework/src/Routing/Pipeline.php(48): Laravel\\Lumen\\Application->Laravel\\Lumen\\Concerns\\{closure}(Object(Laravel\\Lumen\\Http\\Request))
#30 /Applications/MAMP/htdocs/lumen_final/app/Http/Middleware/CorsMiddleware.php(31): Laravel\\Lumen\\Routing\\Pipeline->Laravel\\Lumen\\Routing\\{closure}(Object(Laravel\\Lumen\\Http\\Request))
#31 /Applications/MAMP/htdocs/lumen_final/vendor/illuminate/pipeline/Pipeline.php(167): App\\Http\\Middleware\\CorsMiddleware->handle(Object(Laravel\\Lumen\\Http\\Request), Object(Closure))
#32 /Applications/MAMP/htdocs/lumen_final/vendor/laravel/lumen-framework/src/Routing/Pipeline.php(30): Illuminate\\Pipeline\\Pipeline->Illuminate\\Pipeline\\{closure}(Object(Laravel\\Lumen\\Http\\Request))
#33 /Applications/MAMP/htdocs/lumen_final/vendor/illuminate/pipeline/Pipeline.php(103): Laravel\\Lumen\\Routing\\Pipeline->Laravel\\Lumen\\Routing\\{closure}(Object(Laravel\\Lumen\\Http\\Request))
#34 /Applications/MAMP/htdocs/lumen_final/vendor/laravel/lumen-framework/src/Concerns/RoutesRequests.php(426): Illuminate\\Pipeline\\Pipeline->then(Object(Closure))
#35 /Applications/MAMP/htdocs/lumen_final/vendor/laravel/lumen-framework/src/Concerns/RoutesRequests.php(165): Laravel\\Lumen\\Application->sendThroughPipeline(Array, Object(Closure))
#36 /Applications/MAMP/htdocs/lumen_final/vendor/laravel/lumen-framework/src/Concerns/RoutesRequests.php(112): Laravel\\Lumen\\Application->dispatch(NULL)
#37 /Applications/MAMP/htdocs/lumen_final/public/index.php(28): Laravel\\Lumen\\Application->run()
#38 {main}
"} 
